InChI version 1, Software version 1.03 Build of June 15, 2010
Opened log file 'CMAP_ALL.sdf.log'
Opened input file 'CMAP_ALL.sdf'
Opened output file 'CMAP_ALL.sdf.txt'
Opened problem file 'CMAP_ALL.sdf.prb'
The command line used:
"inchi CMAP_ALL.sdf -FixedH -SUU -SLUUD"
Generating non-standard InChI with the options: 
  Mobile H Perception OFF (include FixedH layer)
  Do not reconnect metals (omit RecMet layer)
  Absolute Stereo ON
  Include undefined/unknown stereogenic centers and bonds
  Make labels for unknown and undefined stereo different
  Do not account for keto-enol tautomerism
  Do not account for 1,5-tautomerism
Input format: MOLfile
Output format: Plain text
Full Aux. info
Timeout per structure: 60.000 sec
Up to 1024 atoms per structure

Warning (Accepted unusual valence(s): N(4)) structure #5.
Warning (Accepted unusual valence(s): N(4)) structure #8.
Warning (Accepted unusual valence(s): N(4)) structure #9.
Warning (Accepted unusual valence(s): N(4)) structure #10.
Warning (Accepted unusual valence(s): N(4)) structure #13.
Warning (Accepted unusual valence(s): N(4)) structure #15.
Warning (Accepted unusual valence(s): N(4)) structure #18.
Warning (Accepted unusual valence(s): N(4)) structure #20.
Warning (Accepted unusual valence(s): N(4)) structure #23.
Warning (Accepted unusual valence(s): N(4)) structure #25.
Warning (Accepted unusual valence(s): N(4)) structure #27.
Warning (Accepted unusual valence(s): N(4)) structure #28.
Warning (Ambiguous stereo: center(s)) structure #31.
Warning (Accepted unusual valence(s): N(4)) structure #32.
Warning (Accepted unusual valence(s): N(4)) structure #33.
Warning (Accepted unusual valence(s): N(4)) structure #34.
Warning (Accepted unusual valence(s): N(4)) structure #36.
Warning (Ambiguous stereo: center(s)) structure #38.
Warning (Accepted unusual valence(s): N(4)) structure #42.
Warning (Accepted unusual valence(s): N(4)) structure #44.
Warning (Accepted unusual valence(s): N(4)) structure #46.
Warning (Accepted unusual valence(s): N(4)) structure #47.
Warning (Ambiguous stereo: center(s)) structure #48.
Warning (Accepted unusual valence(s): N(4)) structure #49.
Warning (Accepted unusual valence(s): N(4)) structure #50.
Warning (Accepted unusual valence(s): N(4)) structure #52.
Warning (Ambiguous stereo: center(s)) structure #53.
Warning (Accepted unusual valence(s): N(4)) structure #55.
Warning (Accepted unusual valence(s): N(4)) structure #56.
Warning (Accepted unusual valence(s): N(4)) structure #60.
Warning (Accepted unusual valence(s): N(4)) structure #61.
Warning (Accepted unusual valence(s): N(4)) structure #65.
Warning (Accepted unusual valence(s): N(4)) structure #66.
Warning (Accepted unusual valence(s): N(4)) structure #69.
Warning (Accepted unusual valence(s): N(4)) structure #70.
Warning (Accepted unusual valence(s): N(4)) structure #81.
Warning (Accepted unusual valence(s): N(4)) structure #82.
Warning (Accepted unusual valence(s): N(4); Ambiguous stereo: center(s)) structure #83.
Warning (Accepted unusual valence(s): N(4)) structure #85.
Warning (Accepted unusual valence(s): N(4)) structure #87.
Warning (Accepted unusual valence(s): N(4)) structure #89.
Warning (Accepted unusual valence(s): N(4)) structure #90.
Warning (Accepted unusual valence(s): N(4)) structure #92.
Warning (Accepted unusual valence(s): N(4)) structure #94.
Warning (Accepted unusual valence(s): N(4)) structure #97.
Warning (Accepted unusual valence(s): N(4)) structure #99.
Warning (Accepted unusual valence(s): N(4)) structure #104.
Warning (Accepted unusual valence(s): N(4)) structure #106.
Warning (Accepted unusual valence(s): N(4)) structure #109.
Warning (Accepted unusual valence(s): N(4)) structure #112.
Warning (Accepted unusual valence(s): N(4)) structure #113.
Warning (Accepted unusual valence(s): N(4)) structure #115.
Warning (Accepted unusual valence(s): N(4)) structure #117.
Warning (Accepted unusual valence(s): N(4)) structure #127.
Warning (Accepted unusual valence(s): N(4)) structure #133.
Warning (Accepted unusual valence(s): N(4)) structure #135.
Warning (Accepted unusual valence(s): N(4)) structure #141.
Warning (Accepted unusual valence(s): N(4)) structure #142.
Warning (Accepted unusual valence(s): N(4)) structure #143.
Warning (Ambiguous stereo: center(s)) structure #148.
Warning (Accepted unusual valence(s): N(4)) structure #149.
Warning (Ambiguous stereo: center(s)) structure #154.
Warning (Accepted unusual valence(s): N(4)) structure #155.
Warning (Accepted unusual valence(s): N(4)) structure #156.
Warning (Accepted unusual valence(s): N(4)) structure #157.
Warning (Accepted unusual valence(s): N(4)) structure #159.
Warning (Accepted unusual valence(s): N(4)) structure #163.
Warning (Accepted unusual valence(s): N(4)) structure #164.
Warning (Accepted unusual valence(s): N(4)) structure #166.
Warning (Accepted unusual valence(s): N(4)) structure #171.
Warning (Accepted unusual valence(s): N(4)) structure #173.
Warning (Accepted unusual valence(s): N(4)) structure #174.
Warning (Accepted unusual valence(s): N(4)) structure #181.
Warning (Accepted unusual valence(s): N(4)) structure #182.
Warning (Accepted unusual valence(s): N(4)) structure #183.
Warning (Accepted unusual valence(s): N(4)) structure #184.
Warning (Accepted unusual valence(s): N(4)) structure #188.
Warning (Accepted unusual valence(s): N(4); Ambiguous stereo: center(s)) structure #190.
Warning (Accepted unusual valence(s): N(4)) structure #191.
Warning (Accepted unusual valence(s): N(4)) structure #192.
Warning (Accepted unusual valence(s): N(4)) structure #194.
Warning (Accepted unusual valence(s): N(4)) structure #196.
Warning (Accepted unusual valence(s): N(4)) structure #202.
Warning (Accepted unusual valence(s): N(4)) structure #204.
Warning (Accepted unusual valence(s): N(4)) structure #205.
Warning (Accepted unusual valence(s): N(4)) structure #207.
Warning (Accepted unusual valence(s): N(4)) structure #209.
Warning (Accepted unusual valence(s): N(4)) structure #211.
Warning (Accepted unusual valence(s): N(4)) structure #213.
Warning (Accepted unusual valence(s): N(4)) structure #214.
Warning (Accepted unusual valence(s): N(4)) structure #217.
Warning (Accepted unusual valence(s): N(4)) structure #219.
Warning (Accepted unusual valence(s): N(4)) structure #224.
Warning (Accepted unusual valence(s): N(4)) structure #225.
Warning (Accepted unusual valence(s): N(4)) structure #226.
Warning (Accepted unusual valence(s): N(4)) structure #230.
Warning (Accepted unusual valence(s): N(4)) structure #232.
Warning (Accepted unusual valence(s): N(4)) structure #236.
Warning (Accepted unusual valence(s): N(4)) structure #237.
Warning (Accepted unusual valence(s): N(4)) structure #241.
Warning (Accepted unusual valence(s): N(4)) structure #244.
Warning (Accepted unusual valence(s): N(4)) structure #245.
Warning (Accepted unusual valence(s): N(4)) structure #246.
Warning (Accepted unusual valence(s): N(4)) structure #247.
Warning (Accepted unusual valence(s): N(4)) structure #249.
Warning (Accepted unusual valence(s): N(4)) structure #252.
Warning (Accepted unusual valence(s): N(4)) structure #253.
Warning (Accepted unusual valence(s): N(4)) structure #257.
Warning (Ambiguous stereo: center(s)) structure #258.
Warning (Accepted unusual valence(s): N(4)) structure #259.
Warning (Accepted unusual valence(s): N(4)) structure #264.
Warning (Accepted unusual valence(s): N(4)) structure #266.
Warning (Accepted unusual valence(s): N(4)) structure #267.
Warning (Accepted unusual valence(s): N(4)) structure #268.
Warning (Accepted unusual valence(s): N(4)) structure #270.
Warning (Accepted unusual valence(s): N(4); Ambiguous stereo: center(s)) structure #273.
Warning (Accepted unusual valence(s): N(4)) structure #274.
Warning (Accepted unusual valence(s): N(4)) structure #275.
Warning (Ambiguous stereo: center(s)) structure #281.
Warning (Accepted unusual valence(s): N(4)) structure #282.
Warning (Accepted unusual valence(s): N(4)) structure #284.
Warning (Accepted unusual valence(s): N(4)) structure #288.
Warning (Accepted unusual valence(s): N(4)) structure #289.
Warning (Accepted unusual valence(s): N(4)) structure #295.
Warning (Accepted unusual valence(s): N(4)) structure #296.
Warning (Accepted unusual valence(s): N(4)) structure #297.
Warning (Accepted unusual valence(s): N(4)) structure #299.
Warning (Accepted unusual valence(s): N(4)) structure #300.
Warning (Accepted unusual valence(s): N(4)) structure #301.
Warning (Accepted unusual valence(s): N(4)) structure #303.
Warning (Accepted unusual valence(s): N(4)) structure #306.
Warning (Accepted unusual valence(s): N(4)) structure #309.
Warning (Accepted unusual valence(s): N(4)) structure #312.
Warning (Accepted unusual valence(s): N(4)) structure #318.
Warning (Accepted unusual valence(s): N(4)) structure #319.
Warning (Accepted unusual valence(s): N(4)) structure #321.
Warning (Accepted unusual valence(s): N(4)) structure #324.
Warning (Accepted unusual valence(s): N(4)) structure #328.
Warning (Accepted unusual valence(s): N(4)) structure #330.
Warning (Accepted unusual valence(s): N(4)) structure #331.
Warning (Accepted unusual valence(s): N(4)) structure #333.
Warning (Accepted unusual valence(s): N(4)) structure #338.
Warning (Accepted unusual valence(s): N(4)) structure #339.
Warning (Accepted unusual valence(s): N(4)) structure #341.
Warning (Accepted unusual valence(s): N(4)) structure #343.
Warning (Accepted unusual valence(s): N(4)) structure #346.
Warning (Accepted unusual valence(s): N(4)) structure #347.
Warning (Accepted unusual valence(s): N(4)) structure #348.
Warning (Ambiguous stereo: center(s)) structure #349.
Warning (Accepted unusual valence(s): N(4)) structure #350.
Warning (Accepted unusual valence(s): N(4)) structure #351.
Warning (Accepted unusual valence(s): N(4)) structure #352.
Warning (Accepted unusual valence(s): N(4)) structure #353.
Warning (Accepted unusual valence(s): N(4)) structure #354.
Warning (Accepted unusual valence(s): N(4)) structure #356.
Warning (Accepted unusual valence(s): N(4)) structure #357.
Warning (Accepted unusual valence(s): N(4)) structure #358.
Warning (Accepted unusual valence(s): N(4)) structure #359.
Warning (Accepted unusual valence(s): N(4)) structure #361.
Warning (Accepted unusual valence(s): N(4)) structure #362.
Warning (Accepted unusual valence(s): N(4)) structure #364.
Warning (Accepted unusual valence(s): N(4)) structure #365.
Warning (Accepted unusual valence(s): N(4)) structure #366.
Warning (Accepted unusual valence(s): N(4)) structure #369.
Warning (Accepted unusual valence(s): N(4)) structure #373.
Warning (Accepted unusual valence(s): N(4)) structure #375.
Warning (Accepted unusual valence(s): N(4)) structure #376.
Warning (Accepted unusual valence(s): N(4)) structure #377.
Warning (Accepted unusual valence(s): N(4)) structure #379.
Warning (Accepted unusual valence(s): N(4)) structure #380.
Warning (Accepted unusual valence(s): N(4)) structure #383.
Warning (Accepted unusual valence(s): N(4)) structure #384.
Warning (Accepted unusual valence(s): N(4)) structure #385.
Warning (Accepted unusual valence(s): N(4)) structure #387.
Warning (Accepted unusual valence(s): N(4)) structure #388.
Warning (Accepted unusual valence(s): N(4)) structure #391.
Warning (Accepted unusual valence(s): N(4)) structure #393.
Warning (Accepted unusual valence(s): N(4)) structure #394.
Warning (Accepted unusual valence(s): N(4)) structure #395.
Warning (Accepted unusual valence(s): N(4)) structure #396.
Warning (Accepted unusual valence(s): N(4)) structure #399.
Warning (Accepted unusual valence(s): N(4)) structure #401.
Warning (Accepted unusual valence(s): N(4)) structure #405.
Warning (Accepted unusual valence(s): N(4)) structure #407.
Warning (Ambiguous stereo: center(s)) structure #413.
Warning (Accepted unusual valence(s): N(4)) structure #414.
Warning (Accepted unusual valence(s): N(4)) structure #416.
Warning (Accepted unusual valence(s): N(4)) structure #417.
Warning (Accepted unusual valence(s): N(4)) structure #422.
Warning (Accepted unusual valence(s): N(4)) structure #423.
Warning (Accepted unusual valence(s): N(4)) structure #425.
Warning (Accepted unusual valence(s): N(4)) structure #426.
Warning (Accepted unusual valence(s): N(4)) structure #430.
Warning (Accepted unusual valence(s): N(4)) structure #432.
Warning (Accepted unusual valence(s): N(4)) structure #434.
Warning (Accepted unusual valence(s): N(4)) structure #436.
Warning (Accepted unusual valence(s): N(4)) structure #437.
Warning (Accepted unusual valence(s): N(4)) structure #441.
Warning (Accepted unusual valence(s): N(4)) structure #443.
Warning (Accepted unusual valence(s): N(4)) structure #446.
Warning (Accepted unusual valence(s): N(4)) structure #447.
Warning (Ambiguous stereo: center(s)) structure #452.
Warning (Accepted unusual valence(s): N(4)) structure #458.
Warning (Accepted unusual valence(s): N(4)) structure #459.
Warning (Accepted unusual valence(s): N(4)) structure #461.
Warning (Accepted unusual valence(s): N(4)) structure #462.
Warning (Accepted unusual valence(s): N(4)) structure #463.
Warning (Accepted unusual valence(s): N(4)) structure #465.
Warning (Accepted unusual valence(s): N(4)) structure #467.
Warning (Ambiguous stereo: center(s)) structure #468.
Warning (Accepted unusual valence(s): N(4)) structure #469.
Warning (Accepted unusual valence(s): N(4)) structure #471.
Warning (Accepted unusual valence(s): N(4)) structure #473.
Warning (Accepted unusual valence(s): N(4)) structure #475.
Warning (Accepted unusual valence(s): N(4)) structure #479.
Warning (Accepted unusual valence(s): N(4)) structure #480.
Warning (Accepted unusual valence(s): N(4)) structure #483.
Warning (Accepted unusual valence(s): N(4)) structure #484.
Warning (Accepted unusual valence(s): N(4)) structure #485.
Warning (Accepted unusual valence(s): N(4)) structure #488.
Warning (Accepted unusual valence(s): N(4)) structure #489.
Warning (Ambiguous stereo: center(s)) structure #490.
Warning (Accepted unusual valence(s): N(4)) structure #491.
Warning (Accepted unusual valence(s): N(4)) structure #498.
Warning (Accepted unusual valence(s): N(4)) structure #501.
Warning (Accepted unusual valence(s): N(4)) structure #502.
Warning (Accepted unusual valence(s): N(4)) structure #504.
Warning (Accepted unusual valence(s): N(4)) structure #510.
Warning (Accepted unusual valence(s): N(4)) structure #511.
Warning (Accepted unusual valence(s): N(4)) structure #514.
Warning (Accepted unusual valence(s): N(4)) structure #516.
Warning (Accepted unusual valence(s): N(4)) structure #518.
Warning (Accepted unusual valence(s): N(4)) structure #519.
Warning (Accepted unusual valence(s): N(4)) structure #520.
Warning (Accepted unusual valence(s): N(4)) structure #521.
Warning (Accepted unusual valence(s): N(4)) structure #526.
Warning (Accepted unusual valence(s): N(4)) structure #527.
Warning (Accepted unusual valence(s): N(4)) structure #528.
Warning (Ambiguous stereo: center(s)) structure #530.
Warning (Accepted unusual valence(s): N(4)) structure #532.
Warning (Accepted unusual valence(s): N(4)) structure #533.
Warning (Accepted unusual valence(s): N(4)) structure #534.
Warning (Accepted unusual valence(s): N(4)) structure #537.
Warning (Accepted unusual valence(s): N(4)) structure #540.
Warning (Accepted unusual valence(s): N(4)) structure #542.
Warning (Accepted unusual valence(s): N(4)) structure #543.
Warning (Accepted unusual valence(s): N(4)) structure #544.
Warning (Accepted unusual valence(s): N(4)) structure #545.
Warning (Accepted unusual valence(s): N(4)) structure #546.
Warning (Accepted unusual valence(s): N(4)) structure #548.
Warning (Accepted unusual valence(s): N(4)) structure #549.
Warning (Accepted unusual valence(s): N(4)) structure #550.
Warning (Accepted unusual valence(s): N(4)) structure #551.
Warning (Accepted unusual valence(s): N(4)) structure #553.
Warning (Accepted unusual valence(s): N(4)) structure #555.
Warning (Accepted unusual valence(s): N(4)) structure #556.
Warning (Accepted unusual valence(s): N(4)) structure #558.
Warning (Accepted unusual valence(s): N(4)) structure #560.
Warning (Accepted unusual valence(s): N(4)) structure #562.
Warning (Accepted unusual valence(s): N(4)) structure #563.
Warning (Accepted unusual valence(s): N(4)) structure #565.
Warning (Accepted unusual valence(s): N(4)) structure #566.
Warning (Accepted unusual valence(s): N(4)) structure #569.
Warning (Accepted unusual valence(s): N(4)) structure #571.
Warning (Accepted unusual valence(s): N(4)) structure #574.
Warning (Accepted unusual valence(s): N(4)) structure #575.
Warning (Accepted unusual valence(s): N(4)) structure #576.
Warning (Accepted unusual valence(s): N(4)) structure #578.
Warning (Accepted unusual valence(s): N(4)) structure #579.
Warning (Accepted unusual valence(s): N(4)) structure #583.
Warning (Accepted unusual valence(s): N(4)) structure #584.
Warning (Accepted unusual valence(s): N(4)) structure #586.
Warning (Accepted unusual valence(s): N(4)) structure #588.
Warning (Accepted unusual valence(s): N(4)) structure #592.
Warning (Accepted unusual valence(s): N(4)) structure #593.
Warning (Accepted unusual valence(s): N(4)) structure #594.
Warning (Ambiguous stereo: center(s)) structure #596.
Warning (Accepted unusual valence(s): N(4)) structure #597.
Warning (Accepted unusual valence(s): N(4)) structure #598.
Warning (Accepted unusual valence(s): N(4)) structure #599.
Warning (Accepted unusual valence(s): N(4); Ambiguous stereo: center(s)) structure #600.
Warning (Accepted unusual valence(s): N(4)) structure #601.
Warning (Ambiguous stereo: center(s)) structure #603.
Warning (Accepted unusual valence(s): N(4)) structure #615.
Warning (Accepted unusual valence(s): N(4)) structure #616.
Warning (Accepted unusual valence(s): N(4)) structure #618.
Warning (Accepted unusual valence(s): N(4)) structure #623.
Warning (Accepted unusual valence(s): N(4)) structure #624.
Warning (Ambiguous stereo: center(s)) structure #629.
Warning (Accepted unusual valence(s): N(4)) structure #631.
Warning (Accepted unusual valence(s): N(4)) structure #634.
Warning (Ambiguous stereo: center(s)) structure #636.
Warning (Accepted unusual valence(s): N(4)) structure #637.
Warning (Ambiguous stereo: center(s)) structure #638.
Warning (Ambiguous stereo: center(s)) structure #639.
Warning (Accepted unusual valence(s): N(4)) structure #640.
Warning (Ambiguous stereo: center(s)) structure #641.
Warning (Accepted unusual valence(s): N(4)) structure #643.
Warning (Accepted unusual valence(s): N(4)) structure #644.
Warning (Accepted unusual valence(s): N(4)) structure #645.
Warning (Accepted unusual valence(s): N(4)) structure #647.
Warning (Accepted unusual valence(s): N(4)) structure #648.
Warning (Accepted unusual valence(s): N(4)) structure #649.
Warning (Accepted unusual valence(s): N(4)) structure #650.
Warning (Accepted unusual valence(s): N(4)) structure #651.
Warning (Accepted unusual valence(s): N(4)) structure #653.
Warning (Accepted unusual valence(s): N(4)) structure #655.
Warning (Accepted unusual valence(s): N(4)) structure #656.
Warning (Accepted unusual valence(s): N(4)) structure #658.
Warning (Accepted unusual valence(s): N(4)) structure #659.
Warning (Accepted unusual valence(s): N(4)) structure #660.
Warning (Accepted unusual valence(s): N(4)) structure #661.
Warning (Accepted unusual valence(s): N(4)) structure #662.
Warning (Accepted unusual valence(s): N(4)) structure #663.
Warning (Accepted unusual valence(s): N(4)) structure #665.
Warning (Accepted unusual valence(s): N(4)) structure #666.
Warning (Accepted unusual valence(s): N(4)) structure #667.
Warning (Accepted unusual valence(s): N(4)) structure #675.
Warning (Accepted unusual valence(s): N(4)) structure #678.
Warning (Ambiguous stereo: center(s)) structure #681.
Warning (Accepted unusual valence(s): N(4)) structure #683.
Warning (Accepted unusual valence(s): N(4); Ambiguous stereo: center(s)) structure #687.
Warning (Accepted unusual valence(s): N(4)) structure #688.
Warning (Accepted unusual valence(s): N(4)) structure #689.
Warning (Accepted unusual valence(s): N(4)) structure #690.
Warning (Accepted unusual valence(s): N(4)) structure #692.
Warning (Accepted unusual valence(s): N(4)) structure #693.
Warning (Accepted unusual valence(s): N(4); Ambiguous stereo: center(s)) structure #695.
Warning (Accepted unusual valence(s): N(4)) structure #696.
Warning (Accepted unusual valence(s): N(4)) structure #697.
Warning (Accepted unusual valence(s): N(4)) structure #698.
Warning (Accepted unusual valence(s): N(4)) structure #699.
Warning (Accepted unusual valence(s): N(4)) structure #702.
Warning (Accepted unusual valence(s): N(4)) structure #703.
Warning (Accepted unusual valence(s): N(4)) structure #704.
Warning (Accepted unusual valence(s): N(4)) structure #706.
Warning (Accepted unusual valence(s): N(4)) structure #709.
Warning (Accepted unusual valence(s): N(4)) structure #710.
Warning (Accepted unusual valence(s): N(4)) structure #711.
Warning (Accepted unusual valence(s): N(4)) structure #713.
Warning (Accepted unusual valence(s): N(4)) structure #716.
Warning (Accepted unusual valence(s): N(4)) structure #717.
Warning (Accepted unusual valence(s): N(4)) structure #718.
Warning (Accepted unusual valence(s): N(4)) structure #722.
Warning (Accepted unusual valence(s): N(4)) structure #725.
Warning (Accepted unusual valence(s): N(4)) structure #727.
Warning (Accepted unusual valence(s): N(4)) structure #731.
Warning (Accepted unusual valence(s): N(4)) structure #732.
Warning (Accepted unusual valence(s): N(4)) structure #733.
Warning (Accepted unusual valence(s): N(4)) structure #735.
Warning (Accepted unusual valence(s): N(4)) structure #736.
Warning (Accepted unusual valence(s): N(4)) structure #738.
Warning (Accepted unusual valence(s): N(4)) structure #741.
Warning (Accepted unusual valence(s): N(4)) structure #745.
Warning (Accepted unusual valence(s): N(4)) structure #750.
Warning (Accepted unusual valence(s): N(4)) structure #752.
Warning (Accepted unusual valence(s): N(4)) structure #753.
Warning (Accepted unusual valence(s): N(4)) structure #754.
Warning (Accepted unusual valence(s): N(4)) structure #755.
Warning (Accepted unusual valence(s): N(4)) structure #756.
Warning (Accepted unusual valence(s): N(4)) structure #766.
Warning (Accepted unusual valence(s): N(4)) structure #767.
Warning (Accepted unusual valence(s): N(4)) structure #768.
Warning (Accepted unusual valence(s): N(4)) structure #769.
Warning (Accepted unusual valence(s): N(4)) structure #770.
Warning (Accepted unusual valence(s): N(4)) structure #771.
Warning (Accepted unusual valence(s): N(4)) structure #773.
Warning (Accepted unusual valence(s): N(4)) structure #774.
Warning (Accepted unusual valence(s): N(4)) structure #775.
Warning (Accepted unusual valence(s): N(4)) structure #776.
Warning (Accepted unusual valence(s): N(4); Ambiguous stereo: center(s)) structure #777.
Warning (Accepted unusual valence(s): N(4)) structure #778.
Warning (Accepted unusual valence(s): N(4)) structure #779.
Warning (Accepted unusual valence(s): N(4)) structure #782.
Warning (Accepted unusual valence(s): N(4)) structure #784.
Warning (Accepted unusual valence(s): N(4)) structure #785.
Warning (Accepted unusual valence(s): N(4)) structure #786.
Warning (Accepted unusual valence(s): N(4)) structure #787.
Warning (Ambiguous stereo: center(s)) structure #788.
Warning (Accepted unusual valence(s): N(4)) structure #789.
Warning (Accepted unusual valence(s): N(4)) structure #792.
Warning (Accepted unusual valence(s): N(4)) structure #794.
Warning (Accepted unusual valence(s): N(4)) structure #795.
Warning (Accepted unusual valence(s): N(4)) structure #797.
Warning (Accepted unusual valence(s): N(4)) structure #798.
Warning (Ambiguous stereo: center(s)) structure #801.
Warning (Accepted unusual valence(s): N(4)) structure #806.
Warning (Accepted unusual valence(s): N(4)) structure #810.
Warning (Accepted unusual valence(s): N(4); Ambiguous stereo: center(s)) structure #811.
Warning (Accepted unusual valence(s): N(4)) structure #813.
Warning (Accepted unusual valence(s): N(4)) structure #816.
Warning (Accepted unusual valence(s): N(4)) structure #821.
Warning (Accepted unusual valence(s): N(4)) structure #827.
Warning (Accepted unusual valence(s): N(4)) structure #829.
Warning (Accepted unusual valence(s): N(4)) structure #830.
Warning (Accepted unusual valence(s): N(4)) structure #833.
Warning (Accepted unusual valence(s): N(4)) structure #836.
Warning (Accepted unusual valence(s): N(4)) structure #839.
Warning (Accepted unusual valence(s): N(4)) structure #841.
Warning (Accepted unusual valence(s): N(4)) structure #844.
Warning (Accepted unusual valence(s): N(4)) structure #846.
Warning (Accepted unusual valence(s): N(4)) structure #847.
Warning (Accepted unusual valence(s): N(4)) structure #849.
Warning (Accepted unusual valence(s): N(4)) structure #851.
Warning (Accepted unusual valence(s): N(4)) structure #852.
Warning (Accepted unusual valence(s): N(4)) structure #853.
Warning (Accepted unusual valence(s): N(4)) structure #854.
Warning (Accepted unusual valence(s): N(4)) structure #855.
Warning (Accepted unusual valence(s): N(4)) structure #860.
Warning (Accepted unusual valence(s): N(4)) structure #861.
Warning (Accepted unusual valence(s): N(4)) structure #862.
Warning (Accepted unusual valence(s): N(4)) structure #864.
Warning (Accepted unusual valence(s): N(4)) structure #865.
Warning (Accepted unusual valence(s): N(4)) structure #866.
Warning (Accepted unusual valence(s): N(4)) structure #869.
Warning (Accepted unusual valence(s): N(4)) structure #871.
Warning (Accepted unusual valence(s): N(4)) structure #873.
Warning (Accepted unusual valence(s): N(4)) structure #876.
Warning (Accepted unusual valence(s): N(4)) structure #878.
Warning (Accepted unusual valence(s): N(4)) structure #879.
Warning (Accepted unusual valence(s): N(4)) structure #885.
Warning (Accepted unusual valence(s): N(4)) structure #886.
Warning (Accepted unusual valence(s): N(4)) structure #887.
Warning (Accepted unusual valence(s): N(4); Ambiguous stereo: center(s)) structure #889.
Warning (Accepted unusual valence(s): N(4)) structure #891.
Warning (Accepted unusual valence(s): N(4)) structure #892.
Warning (Accepted unusual valence(s): N(4)) structure #893.
Warning (Accepted unusual valence(s): N(4)) structure #895.
Warning (Accepted unusual valence(s): N(4)) structure #896.
Warning (Accepted unusual valence(s): N(4)) structure #900.
Warning (Accepted unusual valence(s): N(4)) structure #901.
Warning (Accepted unusual valence(s): N(4)) structure #903.
Warning (Accepted unusual valence(s): N(4)) structure #905.
Warning (Ambiguous stereo: center(s)) structure #906.
Warning (Accepted unusual valence(s): N(4)) structure #908.
Warning (Accepted unusual valence(s): N(4)) structure #909.
Warning (Ambiguous stereo: center(s)) structure #913.
Warning (Accepted unusual valence(s): N(4)) structure #917.
Warning (Accepted unusual valence(s): N(4)) structure #919.
Warning (Accepted unusual valence(s): N(4)) structure #920.
Warning (Accepted unusual valence(s): N(4)) structure #924.
Warning (Accepted unusual valence(s): N(4)) structure #926.
Warning (Accepted unusual valence(s): N(4)) structure #928.
Warning (Accepted unusual valence(s): N(4)) structure #929.
Warning (Accepted unusual valence(s): N(4)) structure #931.
Warning (Accepted unusual valence(s): N(4)) structure #932.
Warning (Accepted unusual valence(s): N(4)) structure #935.
Warning (Ambiguous stereo: center(s)) structure #936.
Warning (Accepted unusual valence(s): N(4)) structure #938.
Warning (Ambiguous stereo: center(s)) structure #939.
Warning (Accepted unusual valence(s): N(4)) structure #940.
Warning (Accepted unusual valence(s): N(4)) structure #942.
Warning (Accepted unusual valence(s): N(4)) structure #943.
Warning (Accepted unusual valence(s): N(4)) structure #945.
Warning (Accepted unusual valence(s): N(4)) structure #946.
Warning (Accepted unusual valence(s): N(4)) structure #947.
Warning (Accepted unusual valence(s): N(4)) structure #948.
Warning (Ambiguous stereo: center(s)) structure #949.
Warning (Accepted unusual valence(s): N(4)) structure #951.
Warning (Accepted unusual valence(s): N(4)) structure #952.
Warning (Accepted unusual valence(s): N(4)) structure #953.
Warning (Accepted unusual valence(s): N(4)) structure #954.
Warning (Accepted unusual valence(s): N(4)) structure #955.
Warning (Accepted unusual valence(s): N(4)) structure #958.
Warning (Accepted unusual valence(s): N(4)) structure #965.
Warning (Accepted unusual valence(s): N(4)) structure #966.
Warning (Accepted unusual valence(s): N(4)) structure #967.
Warning (Accepted unusual valence(s): N(4)) structure #972.
Warning (Accepted unusual valence(s): N(4)) structure #973.
Warning (Accepted unusual valence(s): N(4)) structure #974.
Warning (Accepted unusual valence(s): N(4)) structure #975.
Warning (Accepted unusual valence(s): N(4)) structure #979.
Warning (Accepted unusual valence(s): N(4)) structure #982.
Warning (Accepted unusual valence(s): N(4)) structure #983.
Warning (Accepted unusual valence(s): N(4)) structure #985.
Warning (Accepted unusual valence(s): N(4)) structure #987.
Warning (Accepted unusual valence(s): N(4)) structure #990.
Warning (Accepted unusual valence(s): N(4)) structure #995.
Warning (Accepted unusual valence(s): N(4)) structure #998.
Warning (Accepted unusual valence(s): N(4)) structure #999.
Warning (Accepted unusual valence(s): N(4)) structure #1001.
Warning (Accepted unusual valence(s): N(4)) structure #1005.
Warning (Accepted unusual valence(s): N(4)) structure #1007.
Warning (Accepted unusual valence(s): N(4)) structure #1008.
Warning (Accepted unusual valence(s): N(4)) structure #1011.
Warning (Accepted unusual valence(s): N(4)) structure #1014.
Warning (Accepted unusual valence(s): N(4)) structure #1016.
Warning (Accepted unusual valence(s): N(4)) structure #1017.
Warning (Accepted unusual valence(s): N(4)) structure #1018.
Warning (Accepted unusual valence(s): N(4)) structure #1020.
Warning (Accepted unusual valence(s): N(4)) structure #1021.
Warning (Accepted unusual valence(s): N(4)) structure #1023.
Warning (Accepted unusual valence(s): N(4)) structure #1024.
Warning (Accepted unusual valence(s): N(4)) structure #1025.
Warning (Accepted unusual valence(s): N(4)) structure #1026.
Warning (Accepted unusual valence(s): N(4)) structure #1028.
Warning (Accepted unusual valence(s): N(4)) structure #1032.
Warning (Accepted unusual valence(s): N(4)) structure #1034.
Warning (Accepted unusual valence(s): N(4)) structure #1037.
Warning (Accepted unusual valence(s): N(4)) structure #1038.
Warning (Accepted unusual valence(s): N(4)) structure #1043.
Warning (Accepted unusual valence(s): N(4)) structure #1047.
Warning (Accepted unusual valence(s): N(4)) structure #1050.
Warning (Accepted unusual valence(s): N(4)) structure #1056.
Warning (Accepted unusual valence(s): N(4)) structure #1057.
Warning (Accepted unusual valence(s): N(4)) structure #1058.
Warning (Accepted unusual valence(s): N(4)) structure #1062.
Warning (Accepted unusual valence(s): N(4)) structure #1065.
Warning (Accepted unusual valence(s): N(4)) structure #1067.
Warning (Accepted unusual valence(s): N(4)) structure #1068.
Warning (Accepted unusual valence(s): N(4)) structure #1069.
Warning (Accepted unusual valence(s): N(4)) structure #1070.
Warning (Accepted unusual valence(s): N(4)) structure #1071.
Warning (Accepted unusual valence(s): N(4)) structure #1072.
Warning (Accepted unusual valence(s): N(4)) structure #1074.
Warning (Accepted unusual valence(s): N(4)) structure #1075.
Warning (Accepted unusual valence(s): N(4)) structure #1076.
Warning (Accepted unusual valence(s): N(4)) structure #1077.
Warning (Accepted unusual valence(s): N(4)) structure #1079.
Warning (Accepted unusual valence(s): N(4)) structure #1080.
Warning (Accepted unusual valence(s): N(4)) structure #1082.
Warning (Accepted unusual valence(s): N(4)) structure #1083.
Warning (Accepted unusual valence(s): N(4)) structure #1084.
Warning (Accepted unusual valence(s): N(4)) structure #1086.
Warning (Accepted unusual valence(s): N(4)) structure #1088.
Warning (Accepted unusual valence(s): N(4)) structure #1091.
Warning (Accepted unusual valence(s): N(4)) structure #1094.
Warning (Accepted unusual valence(s): N(4)) structure #1095.
Warning (Accepted unusual valence(s): N(4)) structure #1107.
Warning (Accepted unusual valence(s): N(4)) structure #1108.
Warning (Accepted unusual valence(s): N(4)) structure #1109.
Warning (Accepted unusual valence(s): N(4)) structure #1110.
Warning (Accepted unusual valence(s): N(4)) structure #1114.
Warning (Accepted unusual valence(s): N(4)) structure #1115.
Warning (Accepted unusual valence(s): N(4)) structure #1117.
Warning (Accepted unusual valence(s): N(4)) structure #1122.
Warning (Accepted unusual valence(s): N(4)) structure #1125.
Warning (Accepted unusual valence(s): N(4)) structure #1126.
Warning (Accepted unusual valence(s): N(4)) structure #1127.
Warning (Accepted unusual valence(s): N(4)) structure #1129.
Warning (Accepted unusual valence(s): N(4)) structure #1131.
Warning (Accepted unusual valence(s): N(4)) structure #1132.
Warning (Accepted unusual valence(s): N(4)) structure #1133.
Warning (Accepted unusual valence(s): N(4)) structure #1137.
Warning (Accepted unusual valence(s): N(4)) structure #1139.
Warning (Accepted unusual valence(s): N(4)) structure #1140.
Warning (Accepted unusual valence(s): N(4)) structure #1141.
Warning (Accepted unusual valence(s): N(4)) structure #1143.
Warning (Accepted unusual valence(s): N(4)) structure #1146.
Warning (Accepted unusual valence(s): N(4)) structure #1151.
Warning (Accepted unusual valence(s): N(4)) structure #1153.
Warning (Accepted unusual valence(s): N(4)) structure #1154.
Warning (Accepted unusual valence(s): N(4)) structure #1155.
Warning (Accepted unusual valence(s): N(4)) structure #1156.
Warning (Accepted unusual valence(s): N(4)) structure #1157.
Warning (Accepted unusual valence(s): N(4)) structure #1164.
Warning (Accepted unusual valence(s): N(4)) structure #1165.
Warning (Accepted unusual valence(s): N(4)) structure #1168.
Warning (Accepted unusual valence(s): N(4)) structure #1177.
Warning (Accepted unusual valence(s): N(4)) structure #1179.
Warning (Accepted unusual valence(s): N(4)) structure #1183.
Warning (Accepted unusual valence(s): N(4)) structure #1184.
Warning (Accepted unusual valence(s): N(4)) structure #1185.
Warning (Accepted unusual valence(s): N(4)) structure #1186.
Warning (Accepted unusual valence(s): N(4)) structure #1188.
Warning (Accepted unusual valence(s): N(4)) structure #1190.
Warning (Accepted unusual valence(s): N(4)) structure #1191.
Warning (Accepted unusual valence(s): N(4)) structure #1192.
Warning (Accepted unusual valence(s): N(4)) structure #1193.
Warning (Accepted unusual valence(s): N(4)) structure #1196.
Warning (Accepted unusual valence(s): N(4)) structure #1198.
Warning (Accepted unusual valence(s): N(4)) structure #1199.
Warning (Accepted unusual valence(s): N(4)) structure #1202.
Warning (Accepted unusual valence(s): N(4)) structure #1204.
Warning (Accepted unusual valence(s): N(4)) structure #1205.
Warning (Accepted unusual valence(s): N(4)) structure #1207.
Warning (Accepted unusual valence(s): N(4)) structure #1214.
Warning (Accepted unusual valence(s): N(4)) structure #1215.
Warning (Accepted unusual valence(s): N(4)) structure #1218.
Warning (Ambiguous stereo: center(s)) structure #1219.
Warning (Accepted unusual valence(s): N(4)) structure #1220.
Warning (Accepted unusual valence(s): N(4)) structure #1236.
Warning (Accepted unusual valence(s): N(4)) structure #1238.
Warning (Accepted unusual valence(s): N(4)) structure #1239.
Warning (Accepted unusual valence(s): N(4)) structure #1240.
Warning (Accepted unusual valence(s): N(4)) structure #1241.
Warning (Accepted unusual valence(s): N(4)) structure #1242.
End of file detected after structure #1247.   
Finished processing 1247 structures: 0 errors, processing time 0:00:00.08
